mode: set
example.com/pz15-tests/intrernal/mathx/mathx.go:5.24,5.40 1 1
example.com/pz15-tests/intrernal/mathx/mathx.go:7.36,8.12 1 1
example.com/pz15-tests/intrernal/mathx/mathx.go:8.12,10.3 1 1
example.com/pz15-tests/intrernal/mathx/mathx.go:11.2,11.19 1 1
example.com/pz15-tests/intrernal/stringsx/stingsx.go:4.37,5.13 1 1
example.com/pz15-tests/intrernal/stringsx/stingsx.go:5.13,7.3 1 1
example.com/pz15-tests/intrernal/stringsx/stingsx.go:8.2,8.19 1 1
example.com/pz15-tests/intrernal/stringsx/stingsx.go:8.19,10.3 1 1
example.com/pz15-tests/intrernal/stringsx/stingsx.go:11.2,11.16 1 1
example.com/pz15-tests/intrernal/service/service.go:5.34,5.65 1 1
example.com/pz15-tests/intrernal/service/service.go:8.62,10.16 2 1
example.com/pz15-tests/intrernal/service/service.go:10.16,12.3 1 1
example.com/pz15-tests/intrernal/service/service.go:13.2,13.18 1 1
